1    [XML-RPC-0] ERROR org.apache.xmlrpc.server.XmlRpcErrorLogger - Failed to invoke method execute in class com.nantic.jasperreports.JasperServer: null
org.apache.xmlrpc.common.XmlRpcInvocationException: Failed to invoke method execute in class com.nantic.jasperreports.JasperServer: null
	at org.apache.xmlrpc.server.ReflectiveXmlRpcHandler.invoke(ReflectiveXmlRpcHandler.java:129)
	at org.apache.xmlrpc.server.ReflectiveXmlRpcHandler.execute(ReflectiveXmlRpcHandler.java:106)
	at org.apache.xmlrpc.server.XmlRpcServerWorker.execute(XmlRpcServerWorker.java:46)
	at org.apache.xmlrpc.server.XmlRpcServer.execute(XmlRpcServer.java:86)
	at org.apache.xmlrpc.server.XmlRpcStreamServer.execute(XmlRpcStreamServer.java:200)
	at org.apache.xmlrpc.webserver.Connection.run(Connection.java:208)
	at org.apache.xmlrpc.util.ThreadPool$Poolable$1.run(ThreadPool.java:68)
Caused by: java.lang.NullPointerException
	at net.sf.jasperreports.engine.fill.JRVerticalFiller.fillGroupFooters(JRVerticalFiller.java:793)
	at net.sf.jasperreports.engine.fill.JRVerticalFiller.fillReportEnd(JRVerticalFiller.java:298)
	at net.sf.jasperreports.engine.fill.JRVerticalFiller.fillReport(JRVerticalFiller.java:134)
	at net.sf.jasperreports.engine.fill.JRBaseFiller.fill(JRBaseFiller.java:942)
	at net.sf.jasperreports.engine.fill.JRBaseFiller.fill(JRBaseFiller.java:860)
	at net.sf.jasperreports.engine.fill.JRFiller.fillReport(JRFiller.java:84)
	at net.sf.jasperreports.engine.JasperFillManager.fillReport(JasperFillManager.java:624)
	at com.nantic.jasperreports.JasperServer.privateExecute(JasperServer.java:315)
	at com.nantic.jasperreports.JasperServer.execute(JasperServer.java:226)
	at sun.reflect.NativeMethodAccessorImpl.invoke0(Native Method)
	at sun.reflect.NativeMethodAccessorImpl.invoke(NativeMethodAccessorImpl.java:57)
	at sun.reflect.DelegatingMethodAccessorImpl.invoke(DelegatingMethodAccessorImpl.java:43)
	at java.lang.reflect.Method.invoke(Method.java:616)
	at org.apache.xmlrpc.server.ReflectiveXmlRpcHandler.invoke(ReflectiveXmlRpcHandler.java:115)
	... 6 more
Caused by:
java.lang.NullPointerException
	at net.sf.jasperreports.engine.fill.JRVerticalFiller.fillGroupFooters(JRVerticalFiller.java:793)
	at net.sf.jasperreports.engine.fill.JRVerticalFiller.fillReportEnd(JRVerticalFiller.java:298)
	at net.sf.jasperreports.engine.fill.JRVerticalFiller.fillReport(JRVerticalFiller.java:134)
	at net.sf.jasperreports.engine.fill.JRBaseFiller.fill(JRBaseFiller.java:942)
	at net.sf.jasperreports.engine.fill.JRBaseFiller.fill(JRBaseFiller.java:860)
	at net.sf.jasperreports.engine.fill.JRFiller.fillReport(JRFiller.java:84)
	at net.sf.jasperreports.engine.JasperFillManager.fillReport(JasperFillManager.java:624)
	at com.nantic.jasperreports.JasperServer.privateExecute(JasperServer.java:315)
	at com.nantic.jasperreports.JasperServer.execute(JasperServer.java:226)
	at sun.reflect.NativeMethodAccessorImpl.invoke0(Native Method)
	at sun.reflect.NativeMethodAccessorImpl.invoke(NativeMethodAccessorImpl.java:57)
	at sun.reflect.DelegatingMethodAccessorImpl.invoke(DelegatingMethodAccessorImpl.java:43)
	at java.lang.reflect.Method.invoke(Method.java:616)
	at org.apache.xmlrpc.server.ReflectiveXmlRpcHandler.invoke(ReflectiveXmlRpcHandler.java:115)
	at org.apache.xmlrpc.server.ReflectiveXmlRpcHandler.execute(ReflectiveXmlRpcHandler.java:106)
	at org.apache.xmlrpc.server.XmlRpcServerWorker.execute(XmlRpcServerWorker.java:46)
	at org.apache.xmlrpc.server.XmlRpcServer.execute(XmlRpcServer.java:86)
	at org.apache.xmlrpc.server.XmlRpcStreamServer.execute(XmlRpcStreamServer.java:200)
	at org.apache.xmlrpc.webserver.Connection.run(Connection.java:208)
	at org.apache.xmlrpc.util.ThreadPool$Poolable$1.run(ThreadPool.java:68)
